2018-06-14 18:55:19.460 [INFO]: --------------------------------------------------
2018-06-14 18:55:19.460 [INFO]: Iniciando aplicación FRBA Hotel - EMDLM
2018-06-14 19:13:06.225 [INFO]: --------------------------------------------------
2018-06-14 19:13:06.225 [INFO]: Iniciando aplicación FRBA Hotel - EMDLM
2018-06-14 19:14:43.396 [INFO]: --------------------------------------------------
2018-06-14 19:14:43.411 [INFO]: Iniciando aplicación FRBA Hotel - EMDLM
2018-06-14 19:21:37.730 [INFO]: --------------------------------------------------
2018-06-14 19:21:37.750 [INFO]: Iniciando aplicación FRBA Hotel - EMDLM
2018-06-14 19:34:12.932 [INFO]: --------------------------------------------------
2018-06-14 19:34:12.948 [INFO]: Iniciando aplicación FRBA Hotel - EMDLM
2018-06-14 19:35:00.048 [INFO]: --------------------------------------------------
2018-06-14 19:35:00.066 [INFO]: Iniciando aplicación FRBA Hotel - EMDLM
2018-06-14 19:35:59.789 [INFO]: --------------------------------------------------
2018-06-14 19:35:59.805 [INFO]: Iniciando aplicación FRBA Hotel - EMDLM
2018-06-14 19:36:46.429 [INFO]: --------------------------------------------------
2018-06-14 19:36:46.445 [INFO]: Iniciando aplicación FRBA Hotel - EMDLM
2018-06-14 19:38:33.937 [INFO]: --------------------------------------------------
2018-06-14 19:38:33.952 [INFO]: Iniciando aplicación FRBA Hotel - EMDLM
2018-06-14 19:41:35.428 [INFO]: --------------------------------------------------
2018-06-14 19:41:35.461 [INFO]: Iniciando aplicación FRBA Hotel - EMDLM
2018-06-14 19:47:03.477 [INFO]: --------------------------------------------------
2018-06-14 19:47:03.477 [INFO]: Iniciando aplicación FRBA Hotel - EMDLM
2018-06-14 19:59:12.196 [INFO]: --------------------------------------------------
2018-06-14 19:59:12.214 [INFO]: Iniciando aplicación FRBA Hotel - EMDLM
2018-06-14 20:00:03.919 [INFO]: --------------------------------------------------
2018-06-14 20:00:03.935 [INFO]: Iniciando aplicación FRBA Hotel - EMDLM
2018-06-14 20:00:37.928 [INFO]: --------------------------------------------------
2018-06-14 20:00:37.946 [INFO]: Iniciando aplicación FRBA Hotel - EMDLM
2018-06-14 20:01:44.793 [INFO]: --------------------------------------------------
2018-06-14 20:01:44.808 [INFO]: Iniciando aplicación FRBA Hotel - EMDLM
2018-06-14 20:02:56.292 [INFO]: --------------------------------------------------
2018-06-14 20:02:56.330 [INFO]: Iniciando aplicación FRBA Hotel - EMDLM
2018-06-14 20:03:38.803 [INFO]: --------------------------------------------------
2018-06-14 20:03:38.820 [INFO]: Iniciando aplicación FRBA Hotel - EMDLM
2018-06-14 20:04:58.569 [INFO]: --------------------------------------------------
2018-06-14 20:04:58.569 [INFO]: Iniciando aplicación FRBA Hotel - EMDLM
2018-06-14 20:05:21.622 [INFO]: --------------------------------------------------
2018-06-14 20:05:21.656 [INFO]: Iniciando aplicación FRBA Hotel - EMDLM
2018-06-14 20:05:47.156 [INFO]: --------------------------------------------------
2018-06-14 20:05:47.156 [INFO]: Iniciando aplicación FRBA Hotel - EMDLM
2018-06-14 20:07:33.865 [INFO]: --------------------------------------------------
2018-06-14 20:07:33.880 [INFO]: Iniciando aplicación FRBA Hotel - EMDLM
2018-06-14 20:08:44.939 [INFO]: --------------------------------------------------
2018-06-14 20:08:44.955 [INFO]: Iniciando aplicación FRBA Hotel - EMDLM
2018-06-14 20:08:58.323 [INFO]: --------------------------------------------------
2018-06-14 20:08:58.340 [INFO]: Iniciando aplicación FRBA Hotel - EMDLM
2018-06-14 20:09:22.793 [INFO]: --------------------------------------------------
2018-06-14 20:09:22.808 [INFO]: Iniciando aplicación FRBA Hotel - EMDLM
2018-06-14 20:15:57.702 [INFO]: --------------------------------------------------
2018-06-14 20:15:57.735 [INFO]: Iniciando aplicación FRBA Hotel - EMDLM
2018-06-14 20:20:45.095 [INFO]: --------------------------------------------------
2018-06-14 20:20:45.111 [INFO]: Iniciando aplicación FRBA Hotel - EMDLM
2018-06-14 20:23:14.268 [INFO]: --------------------------------------------------
2018-06-14 20:23:14.284 [INFO]: Iniciando aplicación FRBA Hotel - EMDLM
2018-06-14 20:25:28.012 [INFO]: --------------------------------------------------
2018-06-14 20:25:28.032 [INFO]: Iniciando aplicación FRBA Hotel - EMDLM
2018-06-14 20:26:17.802 [INFO]: --------------------------------------------------
2018-06-14 20:26:17.802 [INFO]: Iniciando aplicación FRBA Hotel - EMDLM
2018-06-14 20:26:54.810 [INFO]: --------------------------------------------------
2018-06-14 20:26:54.810 [INFO]: Iniciando aplicación FRBA Hotel - EMDLM
2018-06-14 20:29:46.336 [INFO]: --------------------------------------------------
2018-06-14 20:29:46.368 [INFO]: Iniciando aplicación FRBA Hotel - EMDLM
2018-06-14 20:30:45.176 [INFO]: --------------------------------------------------
2018-06-14 20:30:45.191 [INFO]: Iniciando aplicación FRBA Hotel - EMDLM
2018-06-14 20:36:14.360 [INFO]: --------------------------------------------------
2018-06-14 20:36:14.375 [INFO]: Iniciando aplicación FRBA Hotel - EMDLM
2018-06-14 20:37:51.906 [INFO]: --------------------------------------------------
2018-06-14 20:37:51.922 [INFO]: Iniciando aplicación FRBA Hotel - EMDLM
2018-06-14 20:39:42.489 [INFO]: --------------------------------------------------
2018-06-14 20:39:42.503 [INFO]: Iniciando aplicación FRBA Hotel - EMDLM
2018-06-14 20:39:58.709 [INFO]: --------------------------------------------------
2018-06-14 20:39:58.724 [INFO]: Iniciando aplicación FRBA Hotel - EMDLM
2018-06-14 20:40:25.986 [ERROR]: System.ArgumentException: No hay ninguna asignación de tipo de objeto FrbaHotel.Model.Pais a un tipo nativo de un proveedor administrado conocido.
   en System.Data.SqlClient.MetaType.GetMetaTypeFromValue(Type dataType, Object value, Boolean inferLen, Boolean streamAllowed)
   en System.Data.SqlClient.SqlParameter.GetMetaTypeOnly()
   en System.Data.SqlClient.SqlParameter.Validate(Int32 index, Boolean isCommandProc)
   en System.Data.SqlClient.SqlCommand.SetUpRPCParameters(_SqlRPC rpc, Int32 startCount, Boolean inSchema, SqlParameterCollection parameters)
   en System.Data.SqlClient.SqlCommand.BuildRPC(Boolean inSchema, SqlParameterCollection parameters, _SqlRPC& rpc)
   en System.Data.SqlClient.SqlCommand.RunExecuteReaderTds(CommandBehavior cmdBehavior, RunBehavior runBehavior, Boolean returnStream, Boolean async, Int32 timeout, Task& task, Boolean asyncWrite, Boolean inRetry, SqlDataReader ds, Boolean describeParameterEncryptionRequest)
   en System.Data.SqlClient.SqlCommand.RunExecuteReader(CommandBehavior cmdBehavior, RunBehavior runBehavior, Boolean returnStream, String method, TaskCompletionSource`1 completion, Int32 timeout, Task& task, Boolean& usedCache, Boolean asyncWrite, Boolean inRetry)
   en System.Data.SqlClient.SqlCommand.InternalExecuteNonQuery(TaskCompletionSource`1 completion, String methodName, Boolean sendToPipe, Int32 timeout, Boolean& usedCache, Boolean asyncWrite, Boolean inRetry)
   en System.Data.SqlClient.SqlCommand.ExecuteNonQuery()
   en FrbaHotel.Database.DatabaseConnection.ExecuteProcedureNonQuery(String ProcedureName, SqlParameter[] args) en c:\Users\Administrador\Desktop\GD1C2018\app\Database\DatabaseConnection.cs:línea 91
   en FrbaHotel.Model.DAO.ClienteDAO.InsertarNuevoUsuario(Cliente cliente) en c:\Users\Administrador\Desktop\GD1C2018\app\Model\DAO\ClienteDAO.cs:línea 87
2018-06-14 20:44:27.317 [INFO]: --------------------------------------------------
2018-06-14 20:44:27.332 [INFO]: Iniciando aplicación FRBA Hotel - EMDLM
2018-06-14 20:44:52.836 [ERROR]: System.Data.SqlClient.SqlException (0x80131904): El procedimiento o la función 'INSERTAR_NUEVO_CLIENTE' esperaba el parámetro '@domicilio_piso', que no se ha especificado.
   en System.Data.SqlClient.SqlConnection.OnError(SqlException exception, Boolean breakConnection, Action`1 wrapCloseInAction)
   en System.Data.SqlClient.SqlInternalConnection.OnError(SqlException exception, Boolean breakConnection, Action`1 wrapCloseInAction)
   en System.Data.SqlClient.TdsParser.ThrowExceptionAndWarning(TdsParserStateObject stateObj, Boolean callerHasConnectionLock, Boolean asyncClose)
   en System.Data.SqlClient.TdsParser.TryRun(RunBehavior runBehavior, SqlCommand cmdHandler, SqlDataReader dataStream, BulkCopySimpleResultSet bulkCopyHandler, TdsParserStateObject stateObj, Boolean& dataReady)
   en System.Data.SqlClient.SqlCommand.FinishExecuteReader(SqlDataReader ds, RunBehavior runBehavior, String resetOptionsString, Boolean isInternal, Boolean forDescribeParameterEncryption, Boolean shouldCacheForAlwaysEncrypted)
   en System.Data.SqlClient.SqlCommand.RunExecuteReaderTds(CommandBehavior cmdBehavior, RunBehavior runBehavior, Boolean returnStream, Boolean async, Int32 timeout, Task& task, Boolean asyncWrite, Boolean inRetry, SqlDataReader ds, Boolean describeParameterEncryptionRequest)
   en System.Data.SqlClient.SqlCommand.RunExecuteReader(CommandBehavior cmdBehavior, RunBehavior runBehavior, Boolean returnStream, String method, TaskCompletionSource`1 completion, Int32 timeout, Task& task, Boolean& usedCache, Boolean asyncWrite, Boolean inRetry)
   en System.Data.SqlClient.SqlCommand.InternalExecuteNonQuery(TaskCompletionSource`1 completion, String methodName, Boolean sendToPipe, Int32 timeout, Boolean& usedCache, Boolean asyncWrite, Boolean inRetry)
   en System.Data.SqlClient.SqlCommand.ExecuteNonQuery()
   en FrbaHotel.Database.DatabaseConnection.ExecuteProcedureNonQuery(String ProcedureName, SqlParameter[] args) en c:\Users\Administrador\Desktop\GD1C2018\app\Database\DatabaseConnection.cs:línea 91
   en FrbaHotel.Model.DAO.ClienteDAO.InsertarNuevoUsuario(Cliente cliente) en c:\Users\Administrador\Desktop\GD1C2018\app\Model\DAO\ClienteDAO.cs:línea 87
ClientConnectionId:1beeaa0f-97fe-4eb0-a101-e6632b9cddb3
Error Number:201,State:4,Class:16
2018-06-14 20:48:35.367 [INFO]: --------------------------------------------------
2018-06-14 20:48:35.383 [INFO]: Iniciando aplicación FRBA Hotel - EMDLM
2018-06-14 20:49:09.270 [ERROR]: System.Data.SqlClient.SqlException (0x80131904): El procedimiento o la función 'INSERTAR_NUEVO_CLIENTE' esperaba el parámetro '@domicilio_departamento', que no se ha especificado.
   en System.Data.SqlClient.SqlConnection.OnError(SqlException exception, Boolean breakConnection, Action`1 wrapCloseInAction)
   en System.Data.SqlClient.SqlInternalConnection.OnError(SqlException exception, Boolean breakConnection, Action`1 wrapCloseInAction)
   en System.Data.SqlClient.TdsParser.ThrowExceptionAndWarning(TdsParserStateObject stateObj, Boolean callerHasConnectionLock, Boolean asyncClose)
   en System.Data.SqlClient.TdsParser.TryRun(RunBehavior runBehavior, SqlCommand cmdHandler, SqlDataReader dataStream, BulkCopySimpleResultSet bulkCopyHandler, TdsParserStateObject stateObj, Boolean& dataReady)
   en System.Data.SqlClient.SqlCommand.FinishExecuteReader(SqlDataReader ds, RunBehavior runBehavior, String resetOptionsString, Boolean isInternal, Boolean forDescribeParameterEncryption, Boolean shouldCacheForAlwaysEncrypted)
   en System.Data.SqlClient.SqlCommand.RunExecuteReaderTds(CommandBehavior cmdBehavior, RunBehavior runBehavior, Boolean returnStream, Boolean async, Int32 timeout, Task& task, Boolean asyncWrite, Boolean inRetry, SqlDataReader ds, Boolean describeParameterEncryptionRequest)
   en System.Data.SqlClient.SqlCommand.RunExecuteReader(CommandBehavior cmdBehavior, RunBehavior runBehavior, Boolean returnStream, String method, TaskCompletionSource`1 completion, Int32 timeout, Task& task, Boolean& usedCache, Boolean asyncWrite, Boolean inRetry)
   en System.Data.SqlClient.SqlCommand.InternalExecuteNonQuery(TaskCompletionSource`1 completion, String methodName, Boolean sendToPipe, Int32 timeout, Boolean& usedCache, Boolean asyncWrite, Boolean inRetry)
   en System.Data.SqlClient.SqlCommand.ExecuteNonQuery()
   en FrbaHotel.Database.DatabaseConnection.ExecuteProcedureNonQuery(String ProcedureName, SqlParameter[] args) en c:\Users\Administrador\Desktop\GD1C2018\app\Database\DatabaseConnection.cs:línea 91
   en FrbaHotel.Model.DAO.ClienteDAO.InsertarNuevoUsuario(Cliente cliente) en c:\Users\Administrador\Desktop\GD1C2018\app\Model\DAO\ClienteDAO.cs:línea 87
ClientConnectionId:0bbb99e4-407a-438c-b6a3-abc363bc6918
Error Number:201,State:4,Class:16
2018-06-14 20:49:45.958 [INFO]: --------------------------------------------------
2018-06-14 20:49:45.991 [INFO]: Iniciando aplicación FRBA Hotel - EMDLM
2018-06-14 20:50:14.075 [INFO]: Se creó cliente COSME Fulanito
2018-06-14 20:53:00.589 [INFO]: --------------------------------------------------
2018-06-14 20:53:00.605 [INFO]: Iniciando aplicación FRBA Hotel - EMDLM
2018-06-14 20:53:36.652 [INFO]: --------------------------------------------------
2018-06-14 20:53:36.668 [INFO]: Iniciando aplicación FRBA Hotel - EMDLM
2018-06-14 20:56:10.733 [INFO]: --------------------------------------------------
2018-06-14 20:56:10.749 [INFO]: Iniciando aplicación FRBA Hotel - EMDLM
2018-06-14 20:57:42.673 [INFO]: --------------------------------------------------
2018-06-14 20:57:42.690 [INFO]: Iniciando aplicación FRBA Hotel - EMDLM
2018-06-14 20:59:35.807 [INFO]: --------------------------------------------------
2018-06-14 20:59:35.823 [INFO]: Iniciando aplicación FRBA Hotel - EMDLM
2018-06-14 21:00:04.222 [INFO]: --------------------------------------------------
2018-06-14 21:00:04.237 [INFO]: Iniciando aplicación FRBA Hotel - EMDLM
2018-06-14 21:03:56.713 [INFO]: --------------------------------------------------
2018-06-14 21:03:56.728 [INFO]: Iniciando aplicación FRBA Hotel - EMDLM
2018-06-14 21:04:19.754 [ERROR]: System.Data.SqlClient.SqlException (0x80131904): No se encontró el procedimiento almacenado 'EL_MONSTRUO_DEL_LAGO_MASER.MODIFICAR_CLIENTE'.
   en System.Data.SqlClient.SqlConnection.OnError(SqlException exception, Boolean breakConnection, Action`1 wrapCloseInAction)
   en System.Data.SqlClient.SqlInternalConnection.OnError(SqlException exception, Boolean breakConnection, Action`1 wrapCloseInAction)
   en System.Data.SqlClient.TdsParser.ThrowExceptionAndWarning(TdsParserStateObject stateObj, Boolean callerHasConnectionLock, Boolean asyncClose)
   en System.Data.SqlClient.TdsParser.TryRun(RunBehavior runBehavior, SqlCommand cmdHandler, SqlDataReader dataStream, BulkCopySimpleResultSet bulkCopyHandler, TdsParserStateObject stateObj, Boolean& dataReady)
   en System.Data.SqlClient.SqlCommand.FinishExecuteReader(SqlDataReader ds, RunBehavior runBehavior, String resetOptionsString, Boolean isInternal, Boolean forDescribeParameterEncryption, Boolean shouldCacheForAlwaysEncrypted)
   en System.Data.SqlClient.SqlCommand.RunExecuteReaderTds(CommandBehavior cmdBehavior, RunBehavior runBehavior, Boolean returnStream, Boolean async, Int32 timeout, Task& task, Boolean asyncWrite, Boolean inRetry, SqlDataReader ds, Boolean describeParameterEncryptionRequest)
   en System.Data.SqlClient.SqlCommand.RunExecuteReader(CommandBehavior cmdBehavior, RunBehavior runBehavior, Boolean returnStream, String method, TaskCompletionSource`1 completion, Int32 timeout, Task& task, Boolean& usedCache, Boolean asyncWrite, Boolean inRetry)
   en System.Data.SqlClient.SqlCommand.InternalExecuteNonQuery(TaskCompletionSource`1 completion, String methodName, Boolean sendToPipe, Int32 timeout, Boolean& usedCache, Boolean asyncWrite, Boolean inRetry)
   en System.Data.SqlClient.SqlCommand.ExecuteNonQuery()
   en FrbaHotel.Database.DatabaseConnection.ExecuteProcedureNonQuery(String ProcedureName, SqlParameter[] args) en c:\Users\Administrador\Desktop\GD1C2018\app\Database\DatabaseConnection.cs:línea 91
   en FrbaHotel.Model.DAO.ClienteDAO.ModificarUsuario(Cliente Cliente) en c:\Users\Administrador\Desktop\GD1C2018\app\Model\DAO\ClienteDAO.cs:línea 118
ClientConnectionId:c22ff29a-5600-4f72-830f-c019a940a123
Error Number:2812,State:62,Class:16
2018-06-14 21:17:06.784 [INFO]: --------------------------------------------------
2018-06-14 21:17:06.817 [INFO]: Iniciando aplicación FRBA Hotel - EMDLM
2018-06-14 21:17:37.502 [INFO]: Se modificó cliente 152490
2018-06-14 21:17:53.355 [INFO]: Se modificó cliente 152490
2018-06-14 21:18:14.293 [INFO]: Se modificó cliente 152490
2018-06-14 21:18:40.806 [INFO]: Se deshabilitó el cliente COSME Fulanito
2018-06-14 21:19:50.506 [INFO]: --------------------------------------------------
2018-06-14 21:19:50.522 [INFO]: Iniciando aplicación FRBA Hotel - EMDLM
2018-06-14 21:20:14.751 [INFO]: --------------------------------------------------
2018-06-14 21:20:14.769 [INFO]: Iniciando aplicación FRBA Hotel - EMDLM
2018-06-14 21:20:44.196 [INFO]: --------------------------------------------------
2018-06-14 21:20:44.219 [INFO]: Iniciando aplicación FRBA Hotel - EMDLM
2018-06-14 21:23:02.793 [INFO]: --------------------------------------------------
2018-06-14 21:23:02.805 [INFO]: Iniciando aplicación FRBA Hotel - EMDLM
2018-06-14 21:26:51.237 [INFO]: --------------------------------------------------
2018-06-14 21:26:51.237 [INFO]: Iniciando aplicación FRBA Hotel - EMDLM
2018-06-14 21:27:11.442 [INFO]: Se modificó cliente 152490
2018-06-14 21:28:03.359 [INFO]: --------------------------------------------------
2018-06-14 21:28:03.375 [INFO]: Iniciando aplicación FRBA Hotel - EMDLM
2018-06-14 23:08:59.730 [INFO]: --------------------------------------------------
2018-06-14 23:08:59.730 [INFO]: Iniciando aplicación FRBA Hotel - EMDLM
2018-06-14 23:39:56.487 [INFO]: --------------------------------------------------
2018-06-14 23:39:56.505 [INFO]: Iniciando aplicación FRBA Hotel - EMDLM
2018-06-14 23:41:25.865 [INFO]: --------------------------------------------------
2018-06-14 23:41:25.880 [INFO]: Iniciando aplicación FRBA Hotel - EMDLM
2018-06-15 00:06:59.116 [INFO]: --------------------------------------------------
2018-06-15 00:06:59.152 [INFO]: Iniciando aplicación FRBA Hotel - EMDLM
2018-06-15 00:32:45.577 [INFO]: --------------------------------------------------
2018-06-15 00:32:45.577 [INFO]: Iniciando aplicación FRBA Hotel - EMDLM
2018-06-15 00:33:28.086 [INFO]: --------------------------------------------------
2018-06-15 00:33:28.086 [INFO]: Iniciando aplicación FRBA Hotel - EMDLM
2018-06-15 01:09:49.029 [INFO]: --------------------------------------------------
2018-06-15 01:09:49.029 [INFO]: Iniciando aplicación FRBA Hotel - EMDLM
2018-06-15 01:11:13.946 [INFO]: --------------------------------------------------
2018-06-15 01:11:13.979 [INFO]: Iniciando aplicación FRBA Hotel - EMDLM
2018-06-15 01:11:59.712 [INFO]: --------------------------------------------------
2018-06-15 01:11:59.729 [INFO]: Iniciando aplicación FRBA Hotel - EMDLM
2018-06-15 01:13:14.270 [INFO]: --------------------------------------------------
2018-06-15 01:13:14.290 [INFO]: Iniciando aplicación FRBA Hotel - EMDLM
2018-06-15 01:14:34.899 [INFO]: Se creó hotel Trivago Hotel
2018-06-15 01:16:59.024 [INFO]: --------------------------------------------------
2018-06-15 01:16:59.040 [INFO]: Iniciando aplicación FRBA Hotel - EMDLM
